Change Physical Footprint: Designator=C1 Old Footprint=Resistor New Footprint=Resistor
Change Physical Footprint: Designator=C2 Old Footprint=CAPACITOR New Footprint=CAPACITOR
Change Physical Footprint: Designator=C3 Old Footprint=CAPACITOR New Footprint=CAPACITOR
Change Physical Footprint: Designator=C4 Old Footprint=CAPACITOR New Footprint=CAPACITOR
Change Physical Footprint: Designator=C5 Old Footprint=CAPACITOR New Footprint=CAPACITOR
Change Physical Footprint: Designator=C6 Old Footprint=CAPACITOR New Footprint=CAPACITOR
Change Physical Footprint: Designator=C7 Old Footprint=CAPACITOR New Footprint=CAPACITOR
Change Physical Footprint: Designator=C8 Old Footprint=CAPACITOR New Footprint=CAPACITOR
Change Physical Footprint: Designator=C9 Old Footprint=CAPACITOR New Footprint=CAPACITOR
Change Physical Footprint: Designator=C10 Old Footprint=Resistor New Footprint=Resistor
Change Physical Footprint: Designator=C11 Old Footprint=Resistor New Footprint=Resistor
Change Physical Footprint: Designator=C12 Old Footprint=Resistor New Footprint=Resistor
Change Physical Footprint: Designator=D1 Old Footprint=Schottky New Footprint=Schottky
Change Physical Footprint: Designator=D2 Old Footprint=Schottky New Footprint=Schottky
Change Physical Footprint: Designator=D3 Old Footprint=Schottky New Footprint=Schottky
Change Physical Footprint: Designator=J1_BUT0 Old Footprint=Header 2 pins New Footprint=Header 2 pins
Change Physical Footprint: Designator=J1_BUT1 Old Footprint=Header 2 pins New Footprint=Header 2 pins
Change Physical Footprint: Designator=J4 Old Footprint=SCREEN New Footprint=SCREEN
Change Physical Footprint: Designator=J5 Old Footprint=BUZZER New Footprint=BUZZER
Change Physical Footprint: Designator=J6 Old Footprint=GYROSCOPE New Footprint=GYROSCOPE
Change Physical Footprint: Designator=J7 Old Footprint=TEMP New Footprint=TEMP
Change Physical Footprint: Designator=J8 Old Footprint=DEBUG New Footprint=DEBUG
Change Physical Footprint: Designator=L1 Old Footprint=Inductor New Footprint=Inductor
Change Physical Footprint: Designator=P1 Old Footprint=Header 2 pins New Footprint=Header 2 pins
Change Physical Footprint: Designator=P2 Old Footprint=Header 2 pins New Footprint=Header 2 pins
Change Physical Footprint: Designator=Q?_LS0 Old Footprint=TRANSISTOR New Footprint=TRANSISTOR
Change Physical Footprint: Designator=Q?_LS1 Old Footprint=TRANSISTOR New Footprint=TRANSISTOR
Change Physical Footprint: Designator=R1_BUT0 Old Footprint=Resistor New Footprint=Resistor
Change Physical Footprint: Designator=R1_BUT1 Old Footprint=Resistor New Footprint=Resistor
Change Physical Footprint: Designator=R2 Old Footprint=Resistor New Footprint=Resistor
Change Physical Footprint: Designator=R3 Old Footprint=Resistor New Footprint=Resistor
Change Physical Footprint: Designator=R4 Old Footprint=Resistor New Footprint=Resistor
Change Physical Footprint: Designator=R5 Old Footprint=Resistor New Footprint=Resistor
Change Physical Footprint: Designator=R6 Old Footprint=Resistor New Footprint=Resistor
Change Physical Footprint: Designator=R7 Old Footprint=Resistor New Footprint=Resistor
Change Physical Footprint: Designator=R8 Old Footprint=Resistor New Footprint=Resistor
Change Physical Footprint: Designator=U1 Old Footprint=PIC32 New Footprint=PIC32
Change Physical Footprint: Designator=U2 Old Footprint=REGULATEUR New Footprint=REGULATEUR
Change Physical Footprint: Designator=Y1 Old Footprint=OSC1 New Footprint=OSC1
Change Physical Footprint: Designator=Y2 Old Footprint=OSC2 New Footprint=OSC2
