Removed Member From Class: ClassName=PIC32 Member=C12
Change Component Designator: OldDesignator=C1 NewDesignator=C2
Change Component Designator: OldDesignator=C2 NewDesignator=C3
Change Component Designator: OldDesignator=C3 NewDesignator=C11
Change Component Designator: OldDesignator=C4 NewDesignator=C12
Change Component Designator: OldDesignator=C5 NewDesignator=C4
Change Component Designator: OldDesignator=C6 NewDesignator=C7
Change Component Designator: OldDesignator=C8 NewDesignator=C5
Change Component Designator: OldDesignator=C9 NewDesignator=C8
Change Component Designator: OldDesignator=C10 NewDesignator=C9
Change Component Designator: OldDesignator=C11 NewDesignator=C10
Change Component Designator: OldDesignator=C12 NewDesignator=C6
Change Component Designator: OldDesignator=C14 NewDesignator=C1
Change Component Designator: OldDesignator=J1 NewDesignator=J8
Change Component Designator: OldDesignator=J2 NewDesignator=J7
Change Component Designator: OldDesignator=J3 NewDesignator=J6
Change Component Designator: OldDesignator=J5_BUT0 NewDesignator=J1_BUT0
Change Component Designator: OldDesignator=J5_BUT1 NewDesignator=J1_BUT1
Change Component Designator: OldDesignator=J7 NewDesignator=J5
Change Component Designator: OldDesignator=R4 NewDesignator=R6
Change Component Designator: OldDesignator=R6 NewDesignator=R7
Change Component Designator: OldDesignator=R7 NewDesignator=R8
Change Component Designator: OldDesignator=R8 NewDesignator=R4
Change Net Name : Old Net Name=NetC3_2 New Net Name=NetC11_2
Change Net Name : Old Net Name=NetC4_2 New Net Name=NetC10_2
Change Net Name : Old Net Name=NetC9_2 New Net Name=NetC8_2
Change Net Name : Old Net Name=NetC11_1 New Net Name=NetC10_1
Change Net Name : Old Net Name=NetC14_2 New Net Name=NetC1_2
Change Net Name : Old Net Name=NetJ2_2 New Net Name=NetJ7_2
Change Net Name : Old Net Name=NetJ3_5 New Net Name=NetJ6_5
Change Net Name : Old Net Name=NetJ3_6 New Net Name=NetJ6_6
Change Net Name : Old Net Name=NetJ7_1 New Net Name=NetJ5_1
Added Member To Class: ClassName=PIC32 Member=Component C7 18pF
